Start testing: Mar 17 15:28 IST
----------------------------------------------------------
1/5 Testing: HelloTest.BasicAssertions
1/5 Test: HelloTest.BasicAssertions
Command: "/Users/tal/Desktop/TinySql/build/test_example" "--gtest_filter=HelloTest.BasicAssertions" "--gtest_also_run_disabled_tests"
Directory: /Users/tal/Desktop/TinySql/build
"HelloTest.BasicAssertions" start time: Mar 17 15:28 IST
Output:
----------------------------------------------------------
Running main() from /Users/tal/Desktop/TinySql/build/_deps/googletest-src/googletest/src/gtest_main.cc
Note: Google Test filter = HelloTest.BasicAssertions
[==========] Running 1 test from 1 test suite.
[----------] Global test environment set-up.
[----------] 1 test from HelloTest
[ RUN      ] HelloTest.BasicAssertions
[       OK ] HelloTest.BasicAssertions (0 ms)
[----------] 1 test from HelloTest (0 ms total)

[----------] Global test environment tear-down
[==========] 1 test from 1 test suite ran. (0 ms total)
[  PASSED  ] 1 test.
<end of output>
Test time =   0.01 sec
----------------------------------------------------------
Test Passed.
"HelloTest.BasicAssertions" end time: Mar 17 15:28 IST
"HelloTest.BasicAssertions" time elapsed: 00:00:00
----------------------------------------------------------

2/5 Testing: TokenizerTests.SelectTest
2/5 Test: TokenizerTests.SelectTest
Command: "/Users/tal/Desktop/TinySql/build/test_tokenizer" "--gtest_filter=TokenizerTests.SelectTest" "--gtest_also_run_disabled_tests"
Directory: /Users/tal/Desktop/TinySql/build
"TokenizerTests.SelectTest" start time: Mar 17 15:28 IST
Output:
----------------------------------------------------------
Running main() from /Users/tal/Desktop/TinySql/build/_deps/googletest-src/googletest/src/gtest_main.cc
Note: Google Test filter = TokenizerTests.SelectTest
[==========] Running 1 test from 1 test suite.
[----------] Global test environment set-up.
[----------] 1 test from TokenizerTests
[ RUN      ] TokenizerTests.SelectTest
Starting
table1
pushing table1vecotor[1] = ' '[       OK ] TokenizerTests.SelectTest (0 ms)
[----------] 1 test from TokenizerTests (0 ms total)

[----------] Global test environment tear-down
[==========] 1 test from 1 test suite ran. (0 ms total)
[  PASSED  ] 1 test.
<end of output>
Test time =   0.01 sec
----------------------------------------------------------
Test Passed.
"TokenizerTests.SelectTest" end time: Mar 17 15:28 IST
"TokenizerTests.SelectTest" time elapsed: 00:00:00
----------------------------------------------------------

3/5 Testing: ParserTests.SimpleSelectTest
3/5 Test: ParserTests.SimpleSelectTest
Command: "/Users/tal/Desktop/TinySql/build/test_parser" "--gtest_filter=ParserTests.SimpleSelectTest" "--gtest_also_run_disabled_tests"
Directory: /Users/tal/Desktop/TinySql/build
"ParserTests.SimpleSelectTest" start time: Mar 17 15:28 IST
Output:
----------------------------------------------------------
Running main() from /Users/tal/Desktop/TinySql/build/_deps/googletest-src/googletest/src/gtest_main.cc
Note: Google Test filter = ParserTests.SimpleSelectTest
[==========] Running 1 test from 1 test suite.
[----------] Global test environment set-up.
[----------] 1 test from ParserTests
[ RUN      ] ParserTests.SimpleSelectTest
Starting
table1
pushing table1Query does not have a where condition
[       OK ] ParserTests.SimpleSelectTest (0 ms)
[----------] 1 test from ParserTests (0 ms total)

[----------] Global test environment tear-down
[==========] 1 test from 1 test suite ran. (0 ms total)
[  PASSED  ] 1 test.
<end of output>
Test time =   0.01 sec
----------------------------------------------------------
Test Passed.
"ParserTests.SimpleSelectTest" end time: Mar 17 15:28 IST
"ParserTests.SimpleSelectTest" time elapsed: 00:00:00
----------------------------------------------------------

4/5 Testing: ParserTests.SelectAllTest
4/5 Test: ParserTests.SelectAllTest
Command: "/Users/tal/Desktop/TinySql/build/test_parser" "--gtest_filter=ParserTests.SelectAllTest" "--gtest_also_run_disabled_tests"
Directory: /Users/tal/Desktop/TinySql/build
"ParserTests.SelectAllTest" start time: Mar 17 15:28 IST
Output:
----------------------------------------------------------
Running main() from /Users/tal/Desktop/TinySql/build/_deps/googletest-src/googletest/src/gtest_main.cc
Note: Google Test filter = ParserTests.SelectAllTest
[==========] Running 1 test from 1 test suite.
[----------] Global test environment set-up.
[----------] 1 test from ParserTests
[ RUN      ] ParserTests.SelectAllTest
Starting
table1
pushing table1Query does not have a where condition
[       OK ] ParserTests.SelectAllTest (0 ms)
[----------] 1 test from ParserTests (0 ms total)

[----------] Global test environment tear-down
[==========] 1 test from 1 test suite ran. (0 ms total)
[  PASSED  ] 1 test.
<end of output>
Test time =   0.01 sec
----------------------------------------------------------
Test Passed.
"ParserTests.SelectAllTest" end time: Mar 17 15:28 IST
"ParserTests.SelectAllTest" time elapsed: 00:00:00
----------------------------------------------------------

5/5 Testing: ParserTests.WhereSelectTest
5/5 Test: ParserTests.WhereSelectTest
Command: "/Users/tal/Desktop/TinySql/build/test_parser" "--gtest_filter=ParserTests.WhereSelectTest" "--gtest_also_run_disabled_tests"
Directory: /Users/tal/Desktop/TinySql/build
"ParserTests.WhereSelectTest" start time: Mar 17 15:28 IST
Output:
----------------------------------------------------------
Running main() from /Users/tal/Desktop/TinySql/build/_deps/googletest-src/googletest/src/gtest_main.cc
Note: Google Test filter = ParserTests.WhereSelectTest
[==========] Running 1 test from 1 test suite.
[----------] Global test environment set-up.
[----------] 1 test from ParserTests
[ RUN      ] ParserTests.WhereSelectTest
Starting
2
pushing 2a, b, c
where = a
value = ' '.
value = '='.
value = ' '.
columns = a, b, c(3), all = 0, table_name = table1, has_where_condition = 1, where_column = a, where_value = 2
[       OK ] ParserTests.WhereSelectTest (0 ms)
[----------] 1 test from ParserTests (0 ms total)

[----------] Global test environment tear-down
[==========] 1 test from 1 test suite ran. (0 ms total)
[  PASSED  ] 1 test.
<end of output>
Test time =   0.01 sec
----------------------------------------------------------
Test Passed.
"ParserTests.WhereSelectTest" end time: Mar 17 15:28 IST
"ParserTests.WhereSelectTest" time elapsed: 00:00:00
----------------------------------------------------------

End testing: Mar 17 15:28 IST
